Arguments: 
  C:\Program Files\nodejs\node.exe C:\Users\UralGuru\AppData\Roaming\npm\node_modules\yarn\bin\yarn.js start

PATH: 
  C:\Program Files (x86)\Common Files\Oracle\Java\javapath;C:\WINDOWS\system32;C:\WINDOWS;C:\WINDOWS\System32\Wbem;C:\WINDOWS\System32\WindowsPowerShell\v1.0\;C:\Program Files\Git\cmd;C:\Program Files\nodejs\;C:\WINDOWS\System32\OpenSSH\;;C:\Users\Ural Guru\AppData\Local\Programs\Microsoft VS Code\bin;C:\Users\UralGuru\AppData\Roaming\npm;%USERPROFILE%\AppData\Local\Microsoft\WindowsApps;C:\Users\UralGuru\Documents\Coursera\Bootstrap\confusion\node_modules\.bin

Yarn version: 
  1.5.1

Node version: 
  16.14.2

Platform: 
  win32 x64

npm manifest: 
  {
    "name": "bootstrap",
    "description": "git inint",
    "version": "1.0.0",
    "main": "index.js",
    "scripts": {
      "test": "echo \"Error: no test specified\" && exit 1"
    },
    "repository": {
      "type": "git",
      "url": "git+https://github.com/UralGuru/Bootstrap.git"
    },
    "author": "UralGuru",
    "license": "ISC",
    "bugs": {
      "url": "https://github.com/UralGuru/Bootstrap/issues"
    },
    "homepage": "https://github.com/UralGuru/Bootstrap#readme",
    "dependencies": {
      "add": "^2.0.6",
      "bootstrap": "^4.0.0",
      "jquery": "^3.3.1",
      "popper.js": "^1.12.9"
    }
  }

yarn manifest: 
  No manifest

Lockfile: 
  No lockfile

Trace: 
  Error: Command "start" not found.
      at new MessageError (C:\Users\UralGuru\AppData\Roaming\npm\node_modules\yarn\lib\cli.js:186:110)
      at C:\Users\UralGuru\AppData\Roaming\npm\node_modules\yarn\lib\cli.js:87307:17
      at Generator.next (<anonymous>)
      at step (C:\Users\UralGuru\AppData\Roaming\npm\node_modules\yarn\lib\cli.js:98:30)
      at C:\Users\UralGuru\AppData\Roaming\npm\node_modules\yarn\lib\cli.js:116:14
      at new Promise (<anonymous>)
      at new F (C:\Users\UralGuru\AppData\Roaming\npm\node_modules\yarn\lib\cli.js:23451:28)
      at C:\Users\UralGuru\AppData\Roaming\npm\node_modules\yarn\lib\cli.js:95:12
      at runCommand (C:\Users\UralGuru\AppData\Roaming\npm\node_modules\yarn\lib\cli.js:87312:22)
      at Object.<anonymous> (C:\Users\UralGuru\AppData\Roaming\npm\node_modules\yarn\lib\cli.js:87412:14)
